# JRE version: Java(TM) SE Runtime Environment (8.0_73-b02) (build 1.8.0_73-b02)
# Java VM: Java HotSpot(TM) 64-Bit Server VM (25.73-b02 mixed mode windows-amd64 compressed oops)
Heap:
 PSYoungGen      total 125952K, used 84737K [0x00000000f7b00000, 0x0000000100000000, 0x0000000100000000)
  eden space 115712K, 70% used [0x00000000f7b00000,0x00000000fcac9088,0x00000000fec00000)
  from space 10240K, 29% used [0x00000000fec00000,0x00000000feef7480,0x00000000ff600000)
  to   space 10240K, 0% used [0x00000000ff600000,0x00000000ff600000,0x0000000100000000)
 ParOldGen       total 85504K, used 11946K [0x00000000e7000000, 0x00000000ec380000, 0x00000000f7b00000)
  object space 85504K, 13% used [0x00000000e7000000,0x00000000e7baaa30,0x00000000ec380000)
 Metaspace       used 34743K, capacity 35091K, committed 35328K, reserved 1079296K
  class space    used 4458K, capacity 4543K, committed 4608K, reserved 1048576K
GC Heap History (10 events):
Event: 4.952 GC heap before
{Heap before GC invocations=8 (full 1):
 PSYoungGen      total 123392K, used 114176K [0x00000000f7b00000, 0x0000000100000000, 0x0000000100000000)
  eden space 114176K, 100% used [0x00000000f7b00000,0x00000000fea80000,0x00000000fea80000)
  from space 9216K, 0% used [0x00000000ff400000,0x00000000ff400000,0x00000000ffd00000)
  to   space 9728K, 0% used [0x00000000fea80000,0x00000000fea80000,0x00000000ff400000)
 ParOldGen       total 85504K, used 7328K [0x00000000e7000000, 0x00000000ec380000, 0x00000000f7b00000)
  object space 85504K, 8% used [0x00000000e7000000,0x00000000e77283a0,0x00000000ec380000)
 Metaspace       used 26180K, capacity 26450K, committed 26880K, reserved 1073152K
  class space    used 3647K, capacity 3716K, committed 3840K, reserved 1048576K
Event: 4.959 GC heap after
Heap after GC invocations=8 (full 1):
 PSYoungGen      total 123904K, used 7657K [0x00000000f7b00000, 0x0000000100000000, 0x0000000100000000)
  eden space 114176K, 0% used [0x00000000f7b00000,0x00000000f7b00000,0x00000000fea80000)
  from space 9728K, 78% used [0x00000000fea80000,0x00000000ff1fa690,0x00000000ff400000)
  to   space 10240K, 0% used [0x00000000ff600000,0x00000000ff600000,0x0000000100000000)
 ParOldGen       total 85504K, used 7328K [0x00000000e7000000, 0x00000000ec380000, 0x00000000f7b00000)
  object space 85504K, 8% used [0x00000000e7000000,0x00000000e77283a0,0x00000000ec380000)
 Metaspace       used 26180K, capacity 26450K, committed 26880K, reserved 1073152K
  class space    used 3647K, capacity 3716K, committed 3840K, reserved 1048576K
}
Event: 13.270 GC heap before
{Heap before GC invocations=9 (full 1):
 PSYoungGen      total 123904K, used 121833K [0x00000000f7b00000, 0x0000000100000000, 0x0000000100000000)
  eden space 114176K, 100% used [0x00000000f7b00000,0x00000000fea80000,0x00000000fea80000)
  from space 9728K, 78% used [0x00000000fea80000,0x00000000ff1fa690,0x00000000ff400000)
  to   space 10240K, 0% used [0x00000000ff600000,0x00000000ff600000,0x0000000100000000)
 ParOldGen       total 85504K, used 7328K [0x00000000e7000000, 0x00000000ec380000, 0x00000000f7b00000)
  object space 85504K, 8% used [0x00000000e7000000,0x00000000e77283a0,0x00000000ec380000)
 Metaspace       used 28675K, capacity 28896K, committed 29184K, reserved 1075200K
  class space    used 3955K, capacity 4037K, committed 4096K, reserved 1048576K
Event: 13.274 GC heap after
Heap after GC invocations=9 (full 1):
 PSYoungGen      total 125952K, used 5598K [0x00000000f7b00000, 0x00000000fff80000, 0x0000000100000000)
  eden space 116224K, 0% used [0x00000000f7b00000,0x00000000f7b00000,0x00000000fec80000)
  from space 9728K, 57% used [0x00000000ff600000,0x00000000ffb77b50,0x00000000fff80000)
  to   space 9728K, 0% used [0x00000000fec80000,0x00000000fec80000,0x00000000ff600000)
 ParOldGen       total 85504K, used 7336K [0x00000000e7000000, 0x00000000ec380000, 0x00000000f7b00000)
  object space 85504K, 8% used [0x00000000e7000000,0x00000000e772a3a0,0x00000000ec380000)
 Metaspace       used 28675K, capacity 28896K, committed 29184K, reserved 1075200K
  class space    used 3955K, capacity 4037K, committed 4096K, reserved 1048576K
}
Event: 13.853 GC heap before
{Heap before GC invocations=10 (full 1):
 PSYoungGen      total 125952K, used 121822K [0x00000000f7b00000, 0x00000000fff80000, 0x0000000100000000)
  eden space 116224K, 100% used [0x00000000f7b00000,0x00000000fec80000,0x00000000fec80000)
  from space 9728K, 57% used [0x00000000ff600000,0x00000000ffb77b50,0x00000000fff80000)
  to   space 9728K, 0% used [0x00000000fec80000,0x00000000fec80000,0x00000000ff600000)
 ParOldGen       total 85504K, used 7336K [0x00000000e7000000, 0x00000000ec380000, 0x00000000f7b00000)
  object space 85504K, 8% used [0x00000000e7000000,0x00000000e772a3a0,0x00000000ec380000)
 Metaspace       used 29549K, capacity 29888K, committed 30336K, reserved 1075200K
  class space    used 4038K, capacity 4133K, committed 4224K, reserved 1048576K
Event: 13.859 GC heap after
Heap after GC invocations=10 (full 1):
 PSYoungGen      total 125952K, used 6461K [0x00000000f7b00000, 0x0000000100000000, 0x0000000100000000)
  eden space 116224K, 0% used [0x00000000f7b00000,0x00000000f7b00000,0x00000000fec80000)
  from space 9728K, 66% used [0x00000000fec80000,0x00000000ff2cf4f0,0x00000000ff600000)
  to   space 9728K, 0% used [0x00000000ff680000,0x00000000ff680000,0x0000000100000000)
 ParOldGen       total 85504K, used 7344K [0x00000000e7000000, 0x00000000ec380000, 0x00000000f7b00000)
  object space 85504K, 8% used [0x00000000e7000000,0x00000000e772c3a0,0x00000000ec380000)
 Metaspace       used 29549K, capacity 29888K, committed 30336K, reserved 1075200K
  class space    used 4038K, capacity 4133K, committed 4224K, reserved 1048576K
}
Event: 14.415 GC heap before
{Heap before GC invocations=11 (full 1):
 PSYoungGen      total 125952K, used 122685K [0x00000000f7b00000, 0x0000000100000000, 0x0000000100000000)
  eden space 116224K, 100% used [0x00000000f7b00000,0x00000000fec80000,0x00000000fec80000)
  from space 9728K, 66% used [0x00000000fec80000,0x00000000ff2cf4f0,0x00000000ff600000)
  to   space 9728K, 0% used [0x00000000ff680000,0x00000000ff680000,0x0000000100000000)
 ParOldGen       total 85504K, used 7344K [0x00000000e7000000, 0x00000000ec380000, 0x00000000f7b00000)
  object space 85504K, 8% used [0x00000000e7000000,0x00000000e772c3a0,0x00000000ec380000)
 Metaspace       used 32777K, capacity 33069K, committed 33280K, reserved 1079296K
  class space    used 4235K, capacity 4318K, committed 4352K, reserved 1048576K
Event: 14.418 GC heap after
Heap after GC invocations=11 (full 1):
 PSYoungGen      total 125440K, used 1699K [0x00000000f7b00000, 0x0000000100000000, 0x0000000100000000)
  eden space 115712K, 0% used [0x00000000f7b00000,0x00000000f7b00000,0x00000000fec00000)
  from space 9728K, 17% used [0x00000000ff680000,0x00000000ff828c20,0x0000000100000000)
  to   space 10240K, 0% used [0x00000000fec00000,0x00000000fec00000,0x00000000ff600000)
 ParOldGen       total 85504K, used 11603K [0x00000000e7000000, 0x00000000ec380000, 0x00000000f7b00000)
  object space 85504K, 13% used [0x00000000e7000000,0x00000000e7b54c20,0x00000000ec380000)
 Metaspace       used 32777K, capacity 33069K, committed 33280K, reserved 1079296K
  class space    used 4235K, capacity 4318K, committed 4352K, reserved 1048576K
}
Event: 15.245 GC heap before
{Heap before GC invocations=12 (full 1):
 PSYoungGen      total 125440K, used 117411K [0x00000000f7b00000, 0x0000000100000000, 0x0000000100000000)
  eden space 115712K, 100% used [0x00000000f7b00000,0x00000000fec00000,0x00000000fec00000)
  from space 9728K, 17% used [0x00000000ff680000,0x00000000ff828c20,0x0000000100000000)
  to   space 10240K, 0% used [0x00000000fec00000,0x00000000fec00000,0x00000000ff600000)
 ParOldGen       total 85504K, used 11603K [0x00000000e7000000, 0x00000000ec380000, 0x00000000f7b00000)
  object space 85504K, 13% used [0x00000000e7000000,0x00000000e7b54c20,0x00000000ec380000)
 Metaspace       used 33580K, capacity 33939K, committed 34176K, reserved 1079296K
  class space    used 4329K, capacity 4415K, committed 4480K, reserved 1048576K
Event: 15.247 GC heap after
Heap after GC invocations=12 (full 1):
 PSYoungGen      total 125952K, used 3037K [0x00000000f7b00000, 0x0000000100000000, 0x0000000100000000)
  eden space 115712K, 0% used [0x00000000f7b00000,0x00000000f7b00000,0x00000000fec00000)
  from space 10240K, 29% used [0x00000000fec00000,0x00000000feef7480,0x00000000ff600000)
  to   space 10240K, 0% used [0x00000000ff600000,0x00000000ff600000,0x0000000100000000)
 ParOldGen       total 85504K, used 11946K [0x00000000e7000000, 0x00000000ec380000, 0x00000000f7b00000)
  object space 85504K, 13% used [0x00000000e7000000,0x00000000e7baaa30,0x00000000ec380000)
 Metaspace       used 33580K, capacity 33939K, committed 34176K, reserved 1079296K
  class space    used 4329K, capacity 4415K, committed 4480K, reserved 1048576K
}

